<?xml version="1.0" encoding="UTF-8"?>
<!-- Generated by org.testng.reporters.JUnitXMLReporter -->
<testsuite hostname="Binv" ignored="0" name="Regression tests" tests="2" failures="0" timestamp="2022-10-20T20:54:59 ICT" time="11.3" errors="0">
  <testcase name="DA_LOGIN_TC001_User_can_login_specific_repository_via_login_page" time="6.079" classname="com.auto.test.tadashboard.DA_LOGIN_TC001"/>
  <testcase name="DA_LOGIN_TC002_User_can_not_login_specific_repository_via_login_page_with_incorrect_credentials" time="2.37" classname="com.auto.test.tadashboard.DA_LOGIN_TC002"/>
</testsuite> <!-- Regression tests -->
