<?xml version="1.0" encoding="UTF-8"?>
<testsuite xmlns:xsi="http://www.w3.org/2001/XMLSchema-instance" xsi:noNamespaceSchemaLocation="https://maven.apache.org/surefire/maven-surefire-plugin/xsd/surefire-test-report-3.0.xsd" version="3.0" name="TestSuite" time="12.86" tests="2" errors="0" skipped="0" failures="0">
  <properties>
[...]
</properties>
  <testcase name="DA_LOGIN_TC001_User_can_login_specific_repository_via_login_page" classname="com.auto.test.tadashboard.DA_LOGIN_TC001" time="6.221">
    <system-out><![CDATA[[com.auto.model.UserModel@10bdfbcc, com.auto.model.UserModel@25b74370]
]]></system-out>
    <system-err><![CDATA[SLF4J: Class path contains multiple SLF4J bindings.
SLF4J: Found binding in [jar:file:/C:/Users/Binv/.m2/repository/org/slf4j/slf4j-simple/1.7.30/slf4j-simple-1.7.30.jar!/org/slf4j/impl/StaticLoggerBinder.class]
SLF4J: Found binding in [jar:file:/C:/Users/Binv/.m2/repository/org/slf4j/slf4j-log4j12/1.7.10/slf4j-log4j12-1.7.10.jar!/org/slf4j/impl/StaticLoggerBinder.class]
SLF4J: See http://www.slf4j.org/codes.html#multiple_bindings for an explanation.
SLF4J: Actual binding is of type [org.slf4j.impl.SimpleLoggerFactory]
20:54:47:941 [main] INFO TestListener - Tests started on chrome
20:54:48:011 [main] INFO BrowserTestBase - Running test on chrome
20:54:48:263 [main] INFO TestListener - Test case "DA_LOGIN_TC001_User_can_login_specific_repository_via_login_page - Verify that user can login specific repository successfully via Dashboard login page with correct credentials" is started
20:54:48:386 [main] INFO LazyDriver - Current thread: 1 - Create a new chrome WebDriver
20:54:48:998 [main] INFO WebDriverManager - Using chromedriver 106.0.5249.61 (resolved driver for Chrome 106)
20:54:49:034 [main] INFO WebDriverManager - Exporting webdriver.chrome.driver as C:\Users\Binv\.cache\selenium\chromedriver\win32\106.0.5249.61\chromedriver.exe
Starting ChromeDriver 106.0.5249.61 (511755355844955cd3e264779baf0dd38212a4d0-refs/branch-heads/5249@{#569}) on port 56929
Only local connections are allowed.
Please see https://chromedriver.chromium.org/security-considerations for suggestions on keeping ChromeDriver safe.
ChromeDriver was started successfully.
Oct 20, 2022 8:54:52 PM org.openqa.selenium.remote.ProtocolHandshake createSession
INFO: Detected upstream dialect: W3C
Oct 20, 2022 8:54:52 PM org.openqa.selenium.devtools.CdpVersionFinder findNearestMatch
INFO: Found exact CDP implementation for version 106
20:54:52:994 [main] INFO WebDriverFactory - BrowserName=chrome Version=106.0.5249.119 Platform=WINDOWS
20:54:52:994 [main] INFO WebDriverFactory - Build info: version: '4.5.0', revision: 'fe167b119a'
20:54:52:995 [main] INFO Navigator - Navigate to http://192.168.0.107/TADashboard/login.jsp
]]></system-err>
  </testcase>
  <testcase name="DA_LOGIN_TC002_User_can_not_login_specific_repository_via_login_page_with_incorrect_credentials" classname="com.auto.test.tadashboard.DA_LOGIN_TC002" time="2.455">
    <system-err><![CDATA[20:54:55:690 [main] INFO BrowserTestBase - Running test on chrome
20:54:55:693 [main] INFO TestListener - Test case "DA_LOGIN_TC002_User_can_not_login_specific_repository_via_login_page_with_incorrect_credentials - Verify that user fails to login specific repository successfully via Dashboard login page with incorrect credentials			
" is started
20:54:55:693 [main] INFO LazyDriver - Current thread: 1 - Create a new chrome WebDriver
20:54:55:710 [main] INFO WebDriverManager - Using chromedriver 106.0.5249.61 (resolved driver for Chrome 106)
20:54:55:718 [main] INFO WebDriverManager - Exporting webdriver.chrome.driver as C:\Users\Binv\.cache\selenium\chromedriver\win32\106.0.5249.61\chromedriver.exe
Starting ChromeDriver 106.0.5249.61 (511755355844955cd3e264779baf0dd38212a4d0-refs/branch-heads/5249@{#569}) on port 50894
Only local connections are allowed.
Please see https://chromedriver.chromium.org/security-considerations for suggestions on keeping ChromeDriver safe.
ChromeDriver was started successfully.
Oct 20, 2022 8:54:56 PM org.openqa.selenium.remote.ProtocolHandshake createSession
INFO: Detected upstream dialect: W3C
Oct 20, 2022 8:54:56 PM org.openqa.selenium.devtools.CdpVersionFinder findNearestMatch
INFO: Found exact CDP implementation for version 106
20:54:57:100 [main] INFO WebDriverFactory - BrowserName=chrome Version=106.0.5249.119 Platform=WINDOWS
20:54:57:100 [main] INFO WebDriverFactory - Build info: version: '4.5.0', revision: 'fe167b119a'
20:54:57:100 [main] INFO Navigator - Navigate to http://192.168.0.107/TADashboard/login.jsp
]]></system-err>
  </testcase>
</testsuite>